<?xml version="1.0" encoding="UTF-8"?>
<testng-results ignored="2" total="3" passed="1" failed="0" skipped="0">
  <reporter-output>
  </reporter-output>
  <suite started-at="2022-02-05T00:33:51 GMT+08:00" name="TestSuite" finished-at="2022-02-05T00:33:59 GMT+08:00" duration-ms="7401">
    <groups>
    </groups>
    <test started-at="2022-02-05T00:33:51 GMT+08:00" name="Chrometest" finished-at="2022-02-05T00:33:59 GMT+08:00" duration-ms="7401">
      <class name="tests.TestBase">
        <test-method is-config="true" signature="setup(java.lang.String)[pri:0, instance:tests.TestBase@222114ba]" started-at="2022-02-05T00:33:51 GMT+08:00" name="setup" finished-at="2022-02-05T00:33:56 GMT+08:00" duration-ms="4949" status="PASS">
          <params>
            <param index="0">
              <value>
                <![CDATA[chrome]]>
              </value>
            </param>
          </params>
          <reporter-output>
          </reporter-output>
        </test-method> <!-- setup -->
        <test-method is-config="true" signature="TerminateTest()[pri:0, instance:tests.TestBase@222114ba]" started-at="2022-02-05T00:33:58 GMT+08:00" name="TerminateTest" finished-at="2022-02-05T00:33:59 GMT+08:00" duration-ms="52" status="PASS">
          <reporter-output>
          </reporter-output>
        </test-method> <!-- TerminateTest -->
      </class> <!-- tests.TestBase -->
      <class name="tests.LoginLogoutTest">
        <test-method signature="init(java.lang.String,java.lang.String,java.lang.String)[pri:0, instance:tests.LoginLogoutTest@61dd025]" started-at="2022-02-05T00:33:56 GMT+08:00" name="init" data-provider="getData" finished-at="2022-02-05T00:33:58 GMT+08:00" duration-ms="2356" status="PASS">
          <params>
            <param index="0">
              <value>
                <![CDATA[janice@gmail.com]]>
              </value>
            </param>
            <param index="1">
              <value>
                <![CDATA[Admin!23]]>
              </value>
            </param>
            <param index="2">
              <value>
                <![CDATA[Administrator]]>
              </value>
            </param>
          </params>
          <reporter-output>
          </reporter-output>
        </test-method> <!-- init -->
      </class> <!-- tests.LoginLogoutTest -->
    </test> <!-- Chrometest -->
  </suite> <!-- TestSuite -->
</testng-results>
