<?xml version="1.0" encoding="UTF-8"?>
<testng-results ignored="4" total="10" passed="5" failed="1" skipped="0">
  <reporter-output>
  </reporter-output>
  <suite started-at="2022-02-04T23:42:37 GMT+08:00" name="TestSuite" finished-at="2022-02-04T23:43:25 GMT+08:00" duration-ms="48362">
    <groups>
    </groups>
    <test started-at="2022-02-04T23:42:37 GMT+08:00" name="Chrometest" finished-at="2022-02-04T23:43:25 GMT+08:00" duration-ms="48362">
      <class name="tests.TestBase">
        <test-method is-config="true" signature="setup(java.lang.String)[pri:0, instance:tests.TestBase@15761df8]" started-at="2022-02-04T23:42:37 GMT+08:00" name="setup" finished-at="2022-02-04T23:42:55 GMT+08:00" duration-ms="17965" status="PASS">
          <params>
            <param index="0">
              <value>
                <![CDATA[chrome]]>
              </value>
            </param>
          </params>
          <reporter-output>
          </reporter-output>
        </test-method> <!-- setup -->
        <test-method is-config="true" signature="TerminateTest()[pri:0, instance:tests.TestBase@15761df8]" started-at="2022-02-04T23:43:25 GMT+08:00" name="TerminateTest" finished-at="2022-02-04T23:43:25 GMT+08:00" duration-ms="84" status="PASS">
          <reporter-output>
          </reporter-output>
        </test-method> <!-- TerminateTest -->
      </class> <!-- tests.TestBase -->
      <class name="tests.CreateRoleTest">
        <test-method signature="init()[pri:0, instance:tests.CreateRoleTest@6e75aa0d]" started-at="2022-02-04T23:43:13 GMT+08:00" name="init" finished-at="2022-02-04T23:43:25 GMT+08:00" duration-ms="11450" status="FAIL">
          <exception class="org.openqa.selenium.ElementNotInteractableException">
            <message>
              <![CDATA[element not interactable
  (Session info: headless chrome=97.0.4692.99)
Build info: version: '4.0.0', revision: '3a21814679'
System info: host: 'MSI', ip: '172.20.144.1', os.name: 'Windows 10', os.arch: 'amd64', os.version: '10.0', java.version: '17'
Driver info: org.openqa.selenium.chrome.ChromeDriver
Command: [7a0c7f461b47ad95d2c7bf0b79304a72, clickElement {id=3799858f-5b0f-4e68-92a7-3451139aea06}]
Capabilities {acceptInsecureCerts: false, browserName: chrome, browserVersion: 97.0.4692.99, chrome: {chromedriverVersion: 97.0.4692.71 (adefa7837d02a..., userDataDir: C:\Users\jay_j\AppData\Loca...}, goog:chromeOptions: {debuggerAddress: localhost:54340}, javascriptEnabled: true, networkConnectionEnabled: false, pageLoadStrategy: normal, platform: WINDOWS, platformName: WINDOWS, proxy: Proxy(), se:cdp: ws://localhost:54340/devtoo..., se:cdpVersion: 97.0.4692.99, setWindowRect: true, strictFileInteractability: false, timeouts: {implicit: 0, pageLoad: 300000, script: 30000}, unhandledPromptBehavior: dismiss and notify, webauthn:extension:credBlob: true, webauthn:extension:largeBlob: true, webauthn:virtualAuthenticators: true}
Element: [[ChromeDriver: chrome on WINDOWS (7a0c7f461b47ad95d2c7bf0b79304a72)] -> xpath: //a[contains(text(),'Edit Roles')]]
Session ID: 7a0c7f461b47ad95d2c7bf0b79304a72]]>
            </message>
            <full-stacktrace>
              <![CDATA[org.openqa.selenium.ElementNotInteractableException: element not interactable
  (Session info: headless chrome=97.0.4692.99)
Build info: version: '4.0.0', revision: '3a21814679'
System info: host: 'MSI', ip: '172.20.144.1', os.name: 'Windows 10', os.arch: 'amd64', os.version: '10.0', java.version: '17'
Driver info: org.openqa.selenium.chrome.ChromeDriver
Command: [7a0c7f461b47ad95d2c7bf0b79304a72, clickElement {id=3799858f-5b0f-4e68-92a7-3451139aea06}]
Capabilities {acceptInsecureCerts: false, browserName: chrome, browserVersion: 97.0.4692.99, chrome: {chromedriverVersion: 97.0.4692.71 (adefa7837d02a..., userDataDir: C:\Users\jay_j\AppData\Loca...}, goog:chromeOptions: {debuggerAddress: localhost:54340}, javascriptEnabled: true, networkConnectionEnabled: false, pageLoadStrategy: normal, platform: WINDOWS, platformName: WINDOWS, proxy: Proxy(), se:cdp: ws://localhost:54340/devtoo..., se:cdpVersion: 97.0.4692.99, setWindowRect: true, strictFileInteractability: false, timeouts: {implicit: 0, pageLoad: 300000, script: 30000}, unhandledPromptBehavior: dismiss and notify, webauthn:extension:credBlob: true, webauthn:extension:largeBlob: true, webauthn:virtualAuthenticators: true}
Element: [[ChromeDriver: chrome on WINDOWS (7a0c7f461b47ad95d2c7bf0b79304a72)] -> xpath: //a[contains(text(),'Edit Roles')]]
Session ID: 7a0c7f461b47ad95d2c7bf0b79304a72
at java.base/jdk.internal.reflect.NativeConstructorAccessorImpl.newInstance0(Native Method)
at java.base/jdk.internal.reflect.NativeConstructorAccessorImpl.newInstance(NativeConstructorAccessorImpl.java:77)
at java.base/jdk.internal.reflect.DelegatingConstructorAccessorImpl.newInstance(DelegatingConstructorAccessorImpl.java:45)
at java.base/java.lang.reflect.Constructor.newInstanceWithCaller(Constructor.java:499)
at java.base/java.lang.reflect.Constructor.newInstance(Constructor.java:480)
at org.openqa.selenium.remote.codec.w3c.W3CHttpResponseCodec.createException(W3CHttpResponseCodec.java:200)
at org.openqa.selenium.remote.codec.w3c.W3CHttpResponseCodec.decode(W3CHttpResponseCodec.java:133)
at org.openqa.selenium.remote.codec.w3c.W3CHttpResponseCodec.decode(W3CHttpResponseCodec.java:53)
at org.openqa.selenium.remote.HttpCommandExecutor.execute(HttpCommandExecutor.java:184)
at org.openqa.selenium.remote.service.DriverCommandExecutor.invokeExecute(DriverCommandExecutor.java:164)
at org.openqa.selenium.remote.service.DriverCommandExecutor.execute(DriverCommandExecutor.java:139)
at org.openqa.selenium.remote.RemoteWebDriver.execute(RemoteWebDriver.java:559)
at org.openqa.selenium.remote.RemoteWebElement.execute(RemoteWebElement.java:251)
at org.openqa.selenium.remote.RemoteWebElement.click(RemoteWebElement.java:77)
at jdk.internal.reflect.GeneratedMethodAccessor1.invoke(Unknown Source)
at java.base/jdk.internal.reflect.DelegatingMethodAccessorImpl.invoke(DelegatingMethodAccessorImpl.java:43)
at java.base/java.lang.reflect.Method.invoke(Method.java:568)
at org.openqa.selenium.support.pagefactory.internal.LocatingElementHandler.invoke(LocatingElementHandler.java:52)
at jdk.proxy2/jdk.proxy2.$Proxy18.click(Unknown Source)
at pages.HomePage.clickOnEditRoleButtonButton(HomePage.java:44)
at tests.CreateRoleTest.init(CreateRoleTest.java:22)
at java.base/jdk.internal.reflect.NativeMethodAccessorImpl.invoke0(Native Method)
at java.base/jdk.internal.reflect.NativeMethodAccessorImpl.invoke(NativeMethodAccessorImpl.java:77)
at java.base/jdk.internal.reflect.DelegatingMethodAccessorImpl.invoke(DelegatingMethodAccessorImpl.java:43)
at java.base/java.lang.reflect.Method.invoke(Method.java:568)
at org.testng.internal.MethodInvocationHelper.invokeMethod(MethodInvocationHelper.java:133)
at org.testng.internal.TestInvoker.invokeMethod(TestInvoker.java:598)
at org.testng.internal.TestInvoker.invokeTestMethod(TestInvoker.java:173)
at org.testng.internal.MethodRunner.runInSequence(MethodRunner.java:46)
at org.testng.internal.TestInvoker$MethodInvocationAgent.invoke(TestInvoker.java:824)
at org.testng.internal.TestInvoker.invokeTestMethods(TestInvoker.java:146)
at org.testng.internal.TestMethodWorker.invokeTestMethods(TestMethodWorker.java:146)
at org.testng.internal.TestMethodWorker.run(TestMethodWorker.java:128)
at java.base/java.util.ArrayList.forEach(ArrayList.java:1511)
at org.testng.TestRunner.privateRun(TestRunner.java:794)
at org.testng.TestRunner.run(TestRunner.java:596)
at org.testng.SuiteRunner.runTest(SuiteRunner.java:377)
at org.testng.SuiteRunner.runSequentially(SuiteRunner.java:371)
at org.testng.SuiteRunner.privateRun(SuiteRunner.java:332)
at org.testng.SuiteRunner.run(SuiteRunner.java:276)
at org.testng.SuiteRunnerWorker.runSuite(SuiteRunnerWorker.java:53)
at org.testng.SuiteRunnerWorker.run(SuiteRunnerWorker.java:96)
at org.testng.TestNG.runSuitesSequentially(TestNG.java:1212)
at org.testng.TestNG.runSuitesLocally(TestNG.java:1134)
at org.testng.TestNG.runSuites(TestNG.java:1063)
at org.testng.TestNG.run(TestNG.java:1031)
at com.intellij.rt.testng.IDEARemoteTestNG.run(IDEARemoteTestNG.java:66)
at com.intellij.rt.testng.RemoteTestNGStarter.main(RemoteTestNGStarter.java:109)
]]>
            </full-stacktrace>
          </exception> <!-- org.openqa.selenium.ElementNotInteractableException -->
          <reporter-output>
          </reporter-output>
        </test-method> <!-- init -->
      </class> <!-- tests.CreateRoleTest -->
      <class name="tests.LoginLogoutTest">
        <test-method signature="init(java.lang.String,java.lang.String,java.lang.String)[pri:0, instance:tests.LoginLogoutTest@4387b79e]" started-at="2022-02-04T23:42:55 GMT+08:00" name="init" data-provider="getData" finished-at="2022-02-04T23:43:00 GMT+08:00" duration-ms="5302" status="PASS">
          <params>
            <param index="0">
              <value>
                <![CDATA[janice@gmail.com]]>
              </value>
            </param>
            <param index="1">
              <value>
                <![CDATA[Admin!23]]>
              </value>
            </param>
            <param index="2">
              <value>
                <![CDATA[Administrator]]>
              </value>
            </param>
          </params>
          <reporter-output>
          </reporter-output>
        </test-method> <!-- init -->
        <test-method signature="init(java.lang.String,java.lang.String,java.lang.String)[pri:0, instance:tests.LoginLogoutTest@4387b79e]" started-at="2022-02-04T23:43:00 GMT+08:00" name="init" data-provider="getData" finished-at="2022-02-04T23:43:05 GMT+08:00" duration-ms="4590" status="PASS">
          <params>
            <param index="0">
              <value>
                <![CDATA[daniel@gmail.com]]>
              </value>
            </param>
            <param index="1">
              <value>
                <![CDATA[Doctor!23]]>
              </value>
            </param>
            <param index="2">
              <value>
                <![CDATA[Doctor]]>
              </value>
            </param>
          </params>
          <reporter-output>
          </reporter-output>
        </test-method> <!-- init -->
        <test-method signature="init(java.lang.String,java.lang.String,java.lang.String)[pri:0, instance:tests.LoginLogoutTest@4387b79e]" started-at="2022-02-04T23:43:05 GMT+08:00" name="init" data-provider="getData" finished-at="2022-02-04T23:43:07 GMT+08:00" duration-ms="2853" status="PASS">
          <params>
            <param index="0">
              <value>
                <![CDATA[tpg1@gmail.com]]>
              </value>
            </param>
            <param index="1">
              <value>
                <![CDATA[Guardian!23]]>
              </value>
            </param>
            <param index="2">
              <value>
                <![CDATA[Guardian]]>
              </value>
            </param>
          </params>
          <reporter-output>
          </reporter-output>
        </test-method> <!-- init -->
        <test-method signature="init(java.lang.String,java.lang.String,java.lang.String)[pri:0, instance:tests.LoginLogoutTest@4387b79e]" started-at="2022-02-04T23:43:07 GMT+08:00" name="init" data-provider="getData" finished-at="2022-02-04T23:43:11 GMT+08:00" duration-ms="3242" status="PASS">
          <params>
            <param index="0">
              <value>
                <![CDATA[alan@gmail.com]]>
              </value>
            </param>
            <param index="1">
              <value>
                <![CDATA[Game!23]]>
              </value>
            </param>
            <param index="2">
              <value>
                <![CDATA[Game Therapist]]>
              </value>
            </param>
          </params>
          <reporter-output>
          </reporter-output>
        </test-method> <!-- init -->
        <test-method signature="init(java.lang.String,java.lang.String,java.lang.String)[pri:0, instance:tests.LoginLogoutTest@4387b79e]" started-at="2022-02-04T23:43:11 GMT+08:00" name="init" data-provider="getData" finished-at="2022-02-04T23:43:13 GMT+08:00" duration-ms="2779" status="PASS">
          <params>
            <param index="0">
              <value>
                <![CDATA[jess@gmail.com]]>
              </value>
            </param>
            <param index="1">
              <value>
                <![CDATA[Supervisor!23]]>
              </value>
            </param>
            <param index="2">
              <value>
                <![CDATA[Supervisor]]>
              </value>
            </param>
          </params>
          <reporter-output>
          </reporter-output>
        </test-method> <!-- init -->
      </class> <!-- tests.LoginLogoutTest -->
    </test> <!-- Chrometest -->
  </suite> <!-- TestSuite -->
</testng-results>
