<?xml version="1.0" encoding="UTF-8"?>
<!-- Generated by org.testng.reporters.JUnitXMLReporter -->
<testsuite ignored="0" hostname="MSI" failures="0" tests="6" name="Chrometest" time="42.229" errors="0" timestamp="2022-02-05T13:09:01 GMT+08:00">
  <testcase classname="tests.LoginLogoutTest" name="init" time="2.652"/>
  <testcase classname="tests.LoginLogoutTest" name="init" time="2.578"/>
  <testcase classname="tests.LoginLogoutTest" name="init" time="2.827"/>
  <testcase classname="tests.LoginLogoutTest" name="init" time="2.36"/>
  <testcase classname="tests.LoginLogoutTest" name="init" time="2.516"/>
  <testcase classname="tests.CreateRoleTest" name="init" time="4.742"/>
</testsuite> <!-- Chrometest -->
