<?xml version="1.0" encoding="UTF-8"?>
<!-- Generated by org.testng.reporters.JUnitXMLReporter -->
<testsuite ignored="2" hostname="MSI" failures="0" tests="5" name="Firefoxtest" time="10.792" errors="0" timestamp="2021-11-15T17:25:41 GMT+08:00">
  <testcase classname="tests.LoginLogoutTest" name="init" time="1.73"/>
  <testcase classname="tests.LoginLogoutTest" name="init" time="1.432"/>
  <testcase classname="tests.LoginLogoutTest" name="init" time="1.372"/>
  <testcase classname="tests.LoginLogoutTest" name="init" time="1.204"/>
  <testcase classname="tests.LoginLogoutTest" name="init" time="1.749"/>
  <testcase classname="tests.TestBase" name="@BeforeTest setup" time="0.0">
    <ignored/>
  </testcase> <!-- @BeforeTest setup -->
  <testcase classname="tests.TestBase" name="@AfterTest TerminateTest" time="0.0">
    <ignored/>
  </testcase> <!-- @AfterTest TerminateTest -->
</testsuite> <!-- Firefoxtest -->
